1113 login 0.000086
1113 logout 0.000084
1113 login_page 0.002304
1113 register_page 0.000693
1113 register 0.116289
1113 login_page 0.000108
1113 login 0.116322
1113 img_search 0.000963
1113 get_username 0.000003
1113 login 0.107383
1113 post_img 2.337248
1113 post_img 1.204159
1113 text_query 0.000421
1113 get_room_img 0.003986
1113 text_query 0.000134
1113 get_room_img 0.000050
1113 text_query 0.000186
1113 get_room_img 0.005484
1113 logout 0.000078
1113 login_page 0.000057
1113 login 0.115035
1113 img_search 0.000051
1113 get_username 0.000003
